

> playground-client@ build /Users/robknight/Projects/0xPARC/client-pod2/web/apps/playground-client
> vite build && tsc


♻️  Generating routes...
✅ Processed route in 40ms
[36mrolldown-vite v7.0.3 [32mbuilding for production...[36m[39m
[2K[1Gtransforming (1) [2msrc/main.tsx[22m[2K[1Gtransforming (168) [2msrc/lib/backendServiceClient.ts[22m[2K[1Gtransforming (1201) [2m../../node_modules/.pnpm/lucide-react@0.509.0_react@19.1.0/node_modules/lucide-react/dist/esm/icons/gamepad.js[22m[2K[1Gtransforming (2410) [2m../../node_modules/.pnpm/cytoscape@3.32.0/node_modules/cytoscape/dist/cytoscape.esm.mjs[22m[2K[1Gtransforming (3068) [2m../../node_modules/.pnpm/d3-hierarchy@3.1.2/node_modules/d3-hierarchy/src/treemap/resquarify.js[22m[2K[1Gtransforming (3626) [2m../../node_modules/.pnpm/lodash-es@4.17.21/node_modules/lodash-es/_baseAssignIn.js[22m[2K[1Gtransforming (4484) [2m../../node_modules/.pnpm/lodash-es@4.17.21/node_modules/lodash-es/lang.js[22m[2K[1G[32m✓[39m 4713 modules transformed.
[2K[1Grendering chunks (1)...[2K[1Grendering chunks (2)...[2K[1Grendering chunks (3)...[2K[1Grendering chunks (4)...[2K[1Grendering chunks (5)...[2K[1Grendering chunks (6)...[2K[1Grendering chunks (7)...[2K[1Grendering chunks (8)...[2K[1Grendering chunks (9)...[2K[1Grendering chunks (10)...[2K[1Grendering chunks (11)...[2K[1Grendering chunks (12)...[2K[1Grendering chunks (13)...[2K[1Grendering chunks (14)...[2K[1Grendering chunks (15)...[2K[1Grendering chunks (16)...[2K[1Grendering chunks (17)...[2K[1Grendering chunks (18)...[2K[1Grendering chunks (19)...[2K[1Grendering chunks (20)...[2K[1Grendering chunks (21)...[2K[1Grendering chunks (22)...[2K[1Grendering chunks (23)...[2K[1Grendering chunks (24)...[2K[1Grendering chunks (25)...[2K[1Grendering chunks (26)...[2K[1Grendering chunks (27)...[2K[1Grendering chunks (28)...[2K[1Grendering chunks (29)...[2K[1Grendering chunks (30)...[2K[1Grendering chunks (31)...[2K[1Grendering chunks (32)...[2K[1Grendering chunks (33)...[2K[1Grendering chunks (34)...[2K[1Grendering chunks (35)...[2K[1Grendering chunks (36)...[2K[1Grendering chunks (37)...[2K[1Grendering chunks (38)...[2K[1Grendering chunks (39)...[2K[1Grendering chunks (40)...[2K[1Grendering chunks (41)...[2K[1Grendering chunks (42)...[2K[1Grendering chunks (43)...[2K[1Grendering chunks (44)...[2K[1Grendering chunks (45)...[2K[1Grendering chunks (46)...[2K[1Grendering chunks (47)...[2K[1Grendering chunks (48)...[2K[1Grendering chunks (49)...[2K[1Grendering chunks (50)...[2K[1Grendering chunks (51)...[2K[1Grendering chunks (52)...[2K[1Grendering chunks (53)...[2K[1Grendering chunks (54)...[2K[1Grendering chunks (55)...[2K[1Grendering chunks (56)...[2K[1Grendering chunks (57)...[2K[1Grendering chunks (58)...[2K[1Grendering chunks (59)...[2K[1Grendering chunks (60)...[2K[1Grendering chunks (61)...[2K[1Grendering chunks (62)...[2K[1Grendering chunks (63)...[2K[1Grendering chunks (64)...[2K[1Grendering chunks (65)...[2K[1Grendering chunks (66)...[2K[1Grendering chunks (67)...[2K[1Grendering chunks (68)...[2K[1Grendering chunks (69)...[2K[1Grendering chunks (70)...[2K[1Grendering chunks (71)...[2K[1Grendering chunks (72)...[2K[1Grendering chunks (73)...[2K[1Grendering chunks (74)...[2K[1Grendering chunks (75)...[2K[1Grendering chunks (76)...[2K[1Grendering chunks (77)...[2K[1Grendering chunks (78)...[2K[1Grendering chunks (79)...[2K[1Grendering chunks (80)...[2K[1Grendering chunks (81)...[2K[1Grendering chunks (82)...[2K[1Grendering chunks (83)...[2K[1Grendering chunks (84)...[2K[1Grendering chunks (85)...[2K[1Grendering chunks (86)...[2K[1Grendering chunks (87)...[2K[1Grendering chunks (88)...[2K[1Grendering chunks (89)...[2K[1Grendering chunks (90)...[2K[1Grendering chunks (91)...[2K[1Grendering chunks (92)...[2K[1Grendering chunks (93)...[2K[1Grendering chunks (94)...[2K[1Grendering chunks (95)...[2K[1Grendering chunks (96)...[2K[1Grendering chunks (97)...[2K[1Grendering chunks (98)...[2K[1Grendering chunks (99)...[2K[1Grendering chunks (100)...[2K[1Grendering chunks (101)...[2K[1Grendering chunks (102)...[2K[1Grendering chunks (103)...[2K[1Grendering chunks (104)...[2K[1Grendering chunks (105)...[2K[1Grendering chunks (106)...[2K[1Grendering chunks (107)...[2K[1Grendering chunks (108)...[2K[1Grendering chunks (109)...[2K[1Grendering chunks (110)...[2K[1Grendering chunks (111)...[2K[1Grendering chunks (112)...[2K[1Grendering chunks (113)...[2K[1Grendering chunks (114)...[2K[1Grendering chunks (115)...[2K[1Grendering chunks (116)...[2K[1Grendering chunks (117)...[2K[1Grendering chunks (118)...[2K[1Grendering chunks (119)...[2K[1Grendering chunks (120)...[2K[1Grendering chunks (121)...[2K[1Grendering chunks (122)...[2K[1Grendering chunks (123)...[2K[1Grendering chunks (124)...[2K[1Grendering chunks (125)...[2K[1Grendering chunks (126)...[2K[1Grendering chunks (127)...[2K[1Grendering chunks (128)...[2K[1Grendering chunks (129)...[2K[1Grendering chunks (130)...[2K[1Grendering chunks (131)...[2K[1Grendering chunks (132)...[2K[1Grendering chunks (133)...[2K[1Grendering chunks (134)...[2K[1Grendering chunks (135)...[2K[1Grendering chunks (136)...[2K[1Grendering chunks (137)...[2K[1Grendering chunks (138)...[2K[1Grendering chunks (139)...[2K[1Grendering chunks (140)...[2K[1Grendering chunks (141)...[2K[1Grendering chunks (142)...[2K[1Grendering chunks (143)...[2K[1Grendering chunks (144)...[2K[1Grendering chunks (145)...[2K[1Grendering chunks (146)...[2K[1G[2K[1Gcomputing gzip size (0)...[2K[1Gcomputing gzip size (1)...[2K[1Gcomputing gzip size (2)...[2K[1Gcomputing gzip size (3)...[2K[1Gcomputing gzip size (4)...[2K[1Gcomputing gzip size (5)...[2K[1Gcomputing gzip size (6)...[2K[1Gcomputing gzip size (7)...[2K[1Gcomputing gzip size (8)...[2K[1Gcomputing gzip size (9)...[2K[1Gcomputing gzip size (10)...[2K[1Gcomputing gzip size (11)...[2K[1Gcomputing gzip size (12)...[2K[1Gcomputing gzip size (13)...[2K[1Gcomputing gzip size (14)...[2K[1Gcomputing gzip size (15)...[2K[1Gcomputing gzip size (16)...[2K[1Gcomputing gzip size (17)...[2K[1Gcomputing gzip size (18)...[2K[1Gcomputing gzip size (19)...[2K[1Gcomputing gzip size (20)...[2K[1Gcomputing gzip size (21)...[2K[1Gcomputing gzip size (22)...[2K[1Gcomputing gzip size (23)...[2K[1Gcomputing gzip size (24)...[2K[1Gcomputing gzip size (25)...[2K[1Gcomputing gzip size (26)...[2K[1Gcomputing gzip size (27)...[2K[1Gcomputing gzip size (28)...[2K[1Gcomputing gzip size (29)...[2K[1Gcomputing gzip size (30)...[2K[1Gcomputing gzip size (31)...[2K[1Gcomputing gzip size (32)...[2K[1Gcomputing gzip size (33)...[2K[1Gcomputing gzip size (34)...[2K[1Gcomputing gzip size (35)...[2K[1Gcomputing gzip size (36)...[2K[1Gcomputing gzip size (37)...[2K[1Gcomputing gzip size (38)...[2K[1Gcomputing gzip size (39)...[2K[1Gcomputing gzip size (40)...[2K[1Gcomputing gzip size (41)...[2K[1Gcomputing gzip size (42)...[2K[1Gcomputing gzip size (43)...[2K[1Gcomputing gzip size (44)...[2K[1Gcomputing gzip size (45)...[2K[1Gcomputing gzip size (46)...[2K[1Gcomputing gzip size (47)...[2K[1Gcomputing gzip size (48)...[2K[1Gcomputing gzip size (49)...[2K[1Gcomputing gzip size (50)...[2K[1Gcomputing gzip size (51)...[2K[1Gcomputing gzip size (52)...[2K[1Gcomputing gzip size (53)...[2K[1Gcomputing gzip size (54)...[2K[1Gcomputing gzip size (55)...[2K[1Gcomputing gzip size (56)...[2K[1Gcomputing gzip size (57)...[2K[1Gcomputing gzip size (58)...[2K[1Gcomputing gzip size (59)...[2K[1Gcomputing gzip size (60)...[2K[1Gcomputing gzip size (61)...[2K[1Gcomputing gzip size (62)...[2K[1Gcomputing gzip size (63)...[2K[1Gcomputing gzip size (64)...[2K[1Gcomputing gzip size (65)...[2K[1Gcomputing gzip size (66)...[2K[1Gcomputing gzip size (67)...[2K[1Gcomputing gzip size (68)...[2K[1Gcomputing gzip size (69)...[2K[1Gcomputing gzip size (70)...[2K[1Gcomputing gzip size (71)...[2K[1Gcomputing gzip size (72)...[2K[1Gcomputing gzip size (73)...[2K[1Gcomputing gzip size (74)...[2K[1Gcomputing gzip size (75)...[2K[1Gcomputing gzip size (76)...[2K[1Gcomputing gzip size (77)...[2K[1Gcomputing gzip size (78)...[2K[1Gcomputing gzip size (79)...[2K[1Gcomputing gzip size (80)...[2K[1Gcomputing gzip size (81)...[2K[1Gcomputing gzip size (82)...[2K[1Gcomputing gzip size (83)...[2K[1Gcomputing gzip size (84)...[2K[1Gcomputing gzip size (85)...[2K[1Gcomputing gzip size (86)...[2K[1Gcomputing gzip size (87)...[2K[1Gcomputing gzip size (88)...[2K[1Gcomputing gzip size (89)...[2K[1Gcomputing gzip size (90)...[2K[1Gcomputing gzip size (91)...[2K[1Gcomputing gzip size (92)...[2K[1Gcomputing gzip size (93)...[2K[1Gcomputing gzip size (94)...[2K[1Gcomputing gzip size (95)...[2K[1Gcomputing gzip size (96)...[2K[1Gcomputing gzip size (97)...[2K[1Gcomputing gzip size (98)...[2K[1Gcomputing gzip size (99)...[2K[1Gcomputing gzip size (100)...[2K[1Gcomputing gzip size (101)...[2K[1Gcomputing gzip size (102)...[2K[1Gcomputing gzip size (103)...[2K[1Gcomputing gzip size (104)...[2K[1Gcomputing gzip size (105)...[2K[1Gcomputing gzip size (106)...[2K[1Gcomputing gzip size (107)...[2K[1Gcomputing gzip size (108)...[2K[1Gcomputing gzip size (109)...[2K[1Gcomputing gzip size (110)...[2K[1Gcomputing gzip size (111)...[2K[1Gcomputing gzip size (112)...[2K[1Gcomputing gzip size (113)...[2K[1Gcomputing gzip size (114)...[2K[1Gcomputing gzip size (115)...[2K[1Gcomputing gzip size (116)...[2K[1Gcomputing gzip size (117)...[2K[1Gcomputing gzip size (118)...[2K[1Gcomputing gzip size (119)...[2K[1Gcomputing gzip size (120)...[2K[1Gcomputing gzip size (121)...[2K[1Gcomputing gzip size (122)...[2K[1Gcomputing gzip size (123)...[2K[1Gcomputing gzip size (124)...[2K[1Gcomputing gzip size (125)...[2K[1Gcomputing gzip size (126)...[2K[1Gcomputing gzip size (127)...[2K[1Gcomputing gzip size (128)...[2K[1Gcomputing gzip size (129)...[2K[1Gcomputing gzip size (130)...[2K[1Gcomputing gzip size (131)...[2K[1Gcomputing gzip size (132)...[2K[1Gcomputing gzip size (133)...[2K[1Gcomputing gzip size (134)...[2K[1Gcomputing gzip size (135)...[2K[1Gcomputing gzip size (136)...[2K[1Gcomputing gzip size (137)...[2K[1Gcomputing gzip size (138)...[2K[1Gcomputing gzip size (139)...[2K[1Gcomputing gzip size (140)...[2K[1Gcomputing gzip size (141)...[2K[1Gcomputing gzip size (142)...[2K[1Gcomputing gzip size (143)...[2K[1Gcomputing gzip size (144)...[2K[1Gcomputing gzip size (145)...[2K[1Gcomputing gzip size (146)...[2K[1Gcomputing gzip size (147)...[2K[1Gcomputing gzip size (148)...[2K[1G[2mdist/[22m[32mindex.html                                       [39m[1m[2m    0.65 kB[22m[1m[22m[2m │ gzip:     0.37 kB[22m
[2mdist/[22m[2massets/[22m[32mcodicon-DCmgc-ay.ttf                      [39m[1m[2m   80.34 kB[22m[1m[22m
[2mdist/[22m[2massets/[22m[35mindex-Bv2Iir6e.css                        [39m[1m[2m  182.97 kB[22m[1m[22m[2m │ gzip:    30.88 kB[22m
[2mdist/[22m[2massets/[22m[36mtypescript-8lvUjLoB.js                    [39m[1m[2m    0.09 kB[22m[1m[22m[2m │ gzip:     0.10 kB[22m
[2mdist/[22m[2massets/[22m[36mclone-BJt3UXwG.js                         [39m[1m[2m    0.13 kB[22m[1m[22m[2m │ gzip:     0.13 kB[22m
[2mdist/[22m[2massets/[22m[36mchannel-DrDns0ba.js                       [39m[1m[2m    0.15 kB[22m[1m[22m[2m │ gzip:     0.15 kB[22m
[2mdist/[22m[2massets/[22m[36minit-YxQmOzif.js                          [39m[1m[2m    0.15 kB[22m[1m[22m[2m │ gzip:     0.13 kB[22m
[2mdist/[22m[2massets/[22m[36mroutes-BcPar2vY.js                        [39m[1m[2m    0.17 kB[22m[1m[22m[2m │ gzip:     0.17 kB[22m
[2mdist/[22m[2massets/[22m[36mchunk-XZIHB7SX-JBjh6rIw.js                [39m[1m[2m    0.21 kB[22m[1m[22m[2m │ gzip:     0.17 kB[22m
[2mdist/[22m[2massets/[22m[36mchunk-4BMEZGHF-DdQJ57wt.js                [39m[1m[2m    0.24 kB[22m[1m[22m[2m │ gzip:     0.17 kB[22m
[2mdist/[22m[2massets/[22m[36mpie-R6RNRRYF-CnzgMBtl.js                  [39m[1m[2m    0.24 kB[22m[1m[22m[2m │ gzip:     0.19 kB[22m
[2mdist/[22m[2massets/[22m[36minfo-4N47QTOZ-n1uvNc5N.js                 [39m[1m[2m    0.25 kB[22m[1m[22m[2m │ gzip:     0.19 kB[22m
[2mdist/[22m[2massets/[22m[36mradar-MK3ICKWK-DLXYsVi5.js                [39m[1m[2m    0.25 kB[22m[1m[22m[2m │ gzip:     0.19 kB[22m
[2mdist/[22m[2massets/[22m[36mpacket-KVYON367-CkrDJHgx.js               [39m[1m[2m    0.25 kB[22m[1m[22m[2m │ gzip:     0.19 kB[22m
[2mdist/[22m[2massets/[22m[36mgitGraph-O2Q2CXLX-B2Ebo8-b.js             [39m[1m[2m    0.26 kB[22m[1m[22m[2m │ gzip:     0.19 kB[22m
[2mdist/[22m[2massets/[22m[36marchitecture-4AB2E3PP-D-VONk65.js         [39m[1m[2m    0.27 kB[22m[1m[22m[2m │ gzip:     0.19 kB[22m
[2mdist/[22m[2massets/[22m[36mclassDiagram-GIVACNV2-D_CCPmq_.js         [39m[1m[2m    0.39 kB[22m[1m[22m[2m │ gzip:     0.28 kB[22m
[2mdist/[22m[2massets/[22m[36mclassDiagram-v2-COTLJTTW-BgHf5EBU.js      [39m[1m[2m    0.39 kB[22m[1m[22m[2m │ gzip:     0.28 kB[22m
[2mdist/[22m[2massets/[22m[36mstateDiagram-v2-YXO3MK2T-DXmxzQIJ.js      [39m[1m[2m    0.39 kB[22m[1m[22m[2m │ gzip:     0.28 kB[22m
[2mdist/[22m[2massets/[22m[36mchunk-EXZZNE6F-5H1E0TlQ.js                [39m[1m[2m    0.65 kB[22m[1m[22m[2m │ gzip:     0.40 kB[22m
[2mdist/[22m[2massets/[22m[36mchunk-2O5ZK7RR-lXvZb7SD.js                [39m[1m[2m    0.65 kB[22m[1m[22m[2m │ gzip:     0.40 kB[22m
[2mdist/[22m[2massets/[22m[36mchunk-V4Q32G6S-DztKsfi6.js                [39m[1m[2m    0.66 kB[22m[1m[22m[2m │ gzip:     0.40 kB[22m
[2mdist/[22m[2massets/[22m[36mchunk-2NYFTIL2-CNXWowjG.js                [39m[1m[2m    0.67 kB[22m[1m[22m[2m │ gzip:     0.40 kB[22m
[2mdist/[22m[2massets/[22m[36mjavascript-Cv2Vsf3S.js                    [39m[1m[2m    0.69 kB[22m[1m[22m[2m │ gzip:     0.41 kB[22m
[2mdist/[22m[2massets/[22m[36mchunk-RZ5BOZE2-BTkSw6as.js                [39m[1m[2m    0.74 kB[22m[1m[22m[2m │ gzip:     0.48 kB[22m
[2mdist/[22m[2massets/[22m[36mchunk-ROXG7S4E-Bqphlw1a.js                [39m[1m[2m    0.80 kB[22m[1m[22m[2m │ gzip:     0.47 kB[22m
[2mdist/[22m[2massets/[22m[36minfoDiagram-PH2N3AL5-4kQiyyNe.js          [39m[1m[2m    0.97 kB[22m[1m[22m[2m │ gzip:     0.60 kB[22m
[2mdist/[22m[2massets/[22m[36mchunk-C4OEIS7N-LOcoEaTj.js                [39m[1m[2m    0.98 kB[22m[1m[22m[2m │ gzip:     0.49 kB[22m
[2mdist/[22m[2massets/[22m[36mazcli-B7xwpjhv.js                         [39m[1m[2m    1.09 kB[22m[1m[22m[2m │ gzip:     0.47 kB[22m
[2mdist/[22m[2massets/[22m[36mordinal-CVZtJZ4D.js                       [39m[1m[2m    1.20 kB[22m[1m[22m[2m │ gzip:     0.58 kB[22m
[2mdist/[22m[2massets/[22m[36mini-CU4moYET.js                           [39m[1m[2m    1.34 kB[22m[1m[22m[2m │ gzip:     0.68 kB[22m
[2mdist/[22m[2massets/[22m[36mchunk-D6G4REZN-CHJdIeRZ.js                [39m[1m[2m    1.58 kB[22m[1m[22m[2m │ gzip:     0.68 kB[22m
[2mdist/[22m[2massets/[22m[36mcsp-BlVUkoOc.js                           [39m[1m[2m    1.66 kB[22m[1m[22m[2m │ gzip:     0.66 kB[22m
[2mdist/[22m[2massets/[22m[36mpla-dSNz3mI_.js                           [39m[1m[2m    1.92 kB[22m[1m[22m[2m │ gzip:     0.79 kB[22m
[2mdist/[22m[2massets/[22m[36mscheme-CoLH5hkf.js                        [39m[1m[2m    2.01 kB[22m[1m[22m[2m │ gzip:     0.97 kB[22m
[2mdist/[22m[2massets/[22m[36mflow9-Cgfs-kbA.js                         [39m[1m[2m    2.05 kB[22m[1m[22m[2m │ gzip:     1.00 kB[22m
[2mdist/[22m[2massets/[22m[36msb-DI7c0hyj.js                            [39m[1m[2m    2.07 kB[22m[1m[22m[2m │ gzip:     0.98 kB[22m
[2mdist/[22m[2massets/[22m[36mbat-DWEu-f6d.js                           [39m[1m[2m    2.08 kB[22m[1m[22m[2m │ gzip:     1.00 kB[22m
[2mdist/[22m[2massets/[22m[36mdockerfile-Bdm3Kuxt.js                    [39m[1m[2m    2.11 kB[22m[1m[22m[2m │ gzip:     0.82 kB[22m
[2mdist/[22m[2massets/[22m[36mpascaligo-DyRk673I.js                     [39m[1m[2m    2.24 kB[22m[1m[22m[2m │ gzip:     1.06 kB[22m
[2mdist/[22m[2massets/[22m[36mcameligo-CXCYtHJz.js                      [39m[1m[2m    2.36 kB[22m[1m[22m[2m │ gzip:     1.11 kB[22m
[2mdist/[22m[2massets/[22m[36mlua-m_0myI4G.js                           [39m[1m[2m    2.36 kB[22m[1m[22m[2m │ gzip:     1.07 kB[22m
[2mdist/[22m[2massets/[22m[36mobjective-c-AssRzK2g.js                   [39m[1m[2m    2.48 kB[22m[1m[22m[2m │ gzip:     1.20 kB[22m
[2mdist/[22m[2massets/[22m[36mgraphql-DAq9dLG-.js                       [39m[1m[2m    2.50 kB[22m[1m[22m[2m │ gzip:     1.17 kB[22m
[2mdist/[22m[2massets/[22m[36msparql-yko8Liep.js                        [39m[1m[2m    2.60 kB[22m[1m[22m[2m │ gzip:     1.28 kB[22m
[2mdist/[22m[2massets/[22m[36mlexon-BWfEfDPO.js                         [39m[1m[2m    2.67 kB[22m[1m[22m[2m │ gzip:     1.07 kB[22m
[2mdist/[22m[2massets/[22m[36mxml-Cnyh3iCl.js                           [39m[1m[2m    2.69 kB[22m[1m[22m[2m │ gzip:     1.13 kB[22m
[2mdist/[22m[2massets/[22m[36mmips-CZxLGZtE.js                          [39m[1m[2m    2.71 kB[22m[1m[22m[2m │ gzip:     1.21 kB[22m
[2mdist/[22m[2massets/[22m[36mgo-DyMjSVJ1.js                            [39m[1m[2m    2.73 kB[22m[1m[22m[2m │ gzip:     1.28 kB[22m
[2mdist/[22m[2massets/[22m[36mbicep-Cja6KmNv.js                         [39m[1m[2m    2.77 kB[22m[1m[22m[2m │ gzip:     1.11 kB[22m
[2mdist/[22m[2massets/[22m[36msophia-COpWb0a5.js                        [39m[1m[2m    2.86 kB[22m[1m[22m[2m │ gzip:     1.34 kB[22m
[2mdist/[22m[2massets/[22m[36mmermaid-parser.core-cq5fl_K6.js           [39m[1m[2m    2.88 kB[22m[1m[22m[2m │ gzip:     1.06 kB[22m
[2mdist/[22m[2massets/[22m[36mm3-CfsfQRWn.js                            [39m[1m[2m    2.90 kB[22m[1m[22m[2m │ gzip:     1.49 kB[22m
[2mdist/[22m[2massets/[22m[36mpascal-B1jw5kdE.js                        [39m[1m[2m    3.02 kB[22m[1m[22m[2m │ gzip:     1.54 kB[22m
[2mdist/[22m[2massets/[22m[36mtypespec-gt3mXsCn.js                      [39m[1m[2m    3.03 kB[22m[1m[22m[2m │ gzip:     1.22 kB[22m
[2mdist/[22m[2massets/[22m[36mfsharp-DeqCKV1s.js                        [39m[1m[2m    3.03 kB[22m[1m[22m[2m │ gzip:     1.45 kB[22m
[2mdist/[22m[2massets/[22m[36mqsharp-Dtptcrse.js                        [39m[1m[2m    3.10 kB[22m[1m[22m[2m │ gzip:     1.56 kB[22m
[2mdist/[22m[2massets/[22m[36mshell-B5GDvM-N.js                         [39m[1m[2m    3.19 kB[22m[1m[22m[2m │ gzip:     1.34 kB[22m
[2mdist/[22m[2massets/[22m[36mr-DihN4iA-.js                             [39m[1m[2m    3.22 kB[22m[1m[22m[2m │ gzip:     1.43 kB[22m
[2mdist/[22m[2massets/[22m[36mjava-B2GahpbG.js                          [39m[1m[2m    3.29 kB[22m[1m[22m[2m │ gzip:     1.53 kB[22m
[2mdist/[22m[2massets/[22m[36m_basePickBy-Dm2FWZzv.js                   [39m[1m[2m    3.41 kB[22m[1m[22m[2m │ gzip:     1.59 kB[22m
[2mdist/[22m[2massets/[22m[36mredis-BRkl2ts_.js                         [39m[1m[2m    3.41 kB[22m[1m[22m[2m │ gzip:     1.62 kB[22m
[2mdist/[22m[2massets/[22m[36mcypher-0aQWaAA3.js                        [39m[1m[2m    3.43 kB[22m[1m[22m[2m │ gzip:     1.59 kB[22m
[2mdist/[22m[2massets/[22m[36mpowershell-4k_N9yXA.js                    [39m[1m[2m    3.44 kB[22m[1m[22m[2m │ gzip:     1.51 kB[22m
[2mdist/[22m[2massets/[22m[36mkotlin-BzfCcWGn.js                        [39m[1m[2m    3.46 kB[22m[1m[22m[2m │ gzip:     1.60 kB[22m
[2mdist/[22m[2massets/[22m[36marc-B-bYjfqR.js                           [39m[1m[2m    3.47 kB[22m[1m[22m[2m │ gzip:     1.50 kB[22m
[2mdist/[22m[2massets/[22m[36mtcl-BegLy_2O.js                           [39m[1m[2m    3.65 kB[22m[1m[22m[2m │ gzip:     1.51 kB[22m
[2mdist/[22m[2massets/[22m[36mcoffee-DpHcaXCT.js                        [39m[1m[2m    3.75 kB[22m[1m[22m[2m │ gzip:     1.43 kB[22m
[2mdist/[22m[2massets/[22m[36mhcl-Zo69lAvn.js                           [39m[1m[2m    3.83 kB[22m[1m[22m[2m │ gzip:     1.64 kB[22m
[2mdist/[22m[2massets/[22m[36mapex-BhAGTpJ4.js                          [39m[1m[2m    3.85 kB[22m[1m[22m[2m │ gzip:     1.88 kB[22m
[2mdist/[22m[2massets/[22m[36mmarkdown-FJFPXUnx.js                      [39m[1m[2m    4.02 kB[22m[1m[22m[2m │ gzip:     1.54 kB[22m
[2mdist/[22m[2massets/[22m[36mrust-CYjg45S9.js                          [39m[1m[2m    4.04 kB[22m[1m[22m[2m │ gzip:     1.99 kB[22m
[2mdist/[22m[2massets/[22m[36mdiagram-VNBRO52H-DsDF4OCi.js              [39m[1m[2m    4.11 kB[22m[1m[22m[2m │ gzip:     1.81 kB[22m
[2mdist/[22m[2massets/[22m[36mliquid-pDam1YxI.js                        [39m[1m[2m    4.12 kB[22m[1m[22m[2m │ gzip:     1.82 kB[22m
[2mdist/[22m[2massets/[22m[36mrestructuredtext-D_lAHset.js              [39m[1m[2m    4.13 kB[22m[1m[22m[2m │ gzip:     1.52 kB[22m
[2mdist/[22m[2massets/[22m[36mless-D9tofh5W.js                          [39m[1m[2m    4.13 kB[22m[1m[22m[2m │ gzip:     1.56 kB[22m
[2mdist/[22m[2massets/[22m[36mpython-CDiXzF34.js                        [39m[1m[2m    4.22 kB[22m[1m[22m[2m │ gzip:     1.81 kB[22m
[2mdist/[22m[2massets/[22m[36myaml-DoeDPh02.js                          [39m[1m[2m    4.30 kB[22m[1m[22m[2m │ gzip:     1.69 kB[22m
[2mdist/[22m[2massets/[22m[36mdart-D3vzlGYr.js                          [39m[1m[2m    4.31 kB[22m[1m[22m[2m │ gzip:     1.79 kB[22m
[2mdist/[22m[2massets/[22m[36mcsharp-9-Fl8jJs.js                        [39m[1m[2m    4.50 kB[22m[1m[22m[2m │ gzip:     1.85 kB[22m
[2mdist/[22m[2massets/[22m[36mmsdax-TTtt_CuN.js                         [39m[1m[2m    4.65 kB[22m[1m[22m[2m │ gzip:     2.09 kB[22m
[2mdist/[22m[2massets/[22m[36mcss-Crakigs3.js                           [39m[1m[2m    4.74 kB[22m[1m[22m[2m │ gzip:     1.52 kB[22m
[2mdist/[22m[2massets/[22m[36mpug-CQuZ7wN2.js                           [39m[1m[2m    4.85 kB[22m[1m[22m[2m │ gzip:     1.79 kB[22m
[2mdist/[22m[2massets/[22m[36mecl-EVwjadsF.js                           [39m[1m[2m    5.01 kB[22m[1m[22m[2m │ gzip:     2.38 kB[22m
[2mdist/[22m[2massets/[22m[36mswift-ByUrJOiY.js                         [39m[1m[2m    5.12 kB[22m[1m[22m[2m │ gzip:     2.22 kB[22m
[2mdist/[22m[2massets/[22m[36mcpp-C_D8LUy-.js                           [39m[1m[2m    5.13 kB[22m[1m[22m[2m │ gzip:     2.21 kB[22m
[2mdist/[22m[2massets/[22m[36mmdx-0y3hc0c7.js                           [39m[1m[2m    5.15 kB[22m[1m[22m[2m │ gzip:     1.61 kB[22m
[2mdist/[22m[2massets/[22m[36mhtml-CZFH793l.js                          [39m[1m[2m    5.29 kB[22m[1m[22m[2m │ gzip:     1.55 kB[22m
[2mdist/[22m[2massets/[22m[36mpieDiagram-IB7DONF6-CPvFfhqs.js           [39m[1m[2m    5.35 kB[22m[1m[22m[2m │ gzip:     2.38 kB[22m
[2mdist/[22m[2massets/[22m[36mtypescript-hBHweUO_.js                    [39m[1m[2m    5.47 kB[22m[1m[22m[2m │ gzip:     2.32 kB[22m
[2mdist/[22m[2massets/[22m[36mvb-BmfCsuhy.js                            [39m[1m[2m    5.68 kB[22m[1m[22m[2m │ gzip:     2.20 kB[22m
[2mdist/[22m[2massets/[22m[36mgraphlib-BY_qEIFF.js                      [39m[1m[2m    6.11 kB[22m[1m[22m[2m │ gzip:     1.89 kB[22m
[2mdist/[22m[2massets/[22m[36mtwig-eN4n--j-.js                          [39m[1m[2m    6.16 kB[22m[1m[22m[2m │ gzip:     1.67 kB[22m
[2mdist/[22m[2massets/[22m[36mdiagram-SSKATNLV-QxESk7R3.js              [39m[1m[2m    6.26 kB[22m[1m[22m[2m │ gzip:     2.59 kB[22m
[2mdist/[22m[2massets/[22m[36mscss-zgLLAoDQ.js                          [39m[1m[2m    6.64 kB[22m[1m[22m[2m │ gzip:     1.89 kB[22m
[2mdist/[22m[2massets/[22m[36mjulia-pAD5GuAg.js                         [39m[1m[2m    6.89 kB[22m[1m[22m[2m │ gzip:     2.82 kB[22m
[2mdist/[22m[2massets/[22m[36mweb-vitals-sDfNa3Ee.js                    [39m[1m[2m    6.96 kB[22m[1m[22m[2m │ gzip:     2.52 kB[22m
[2mdist/[22m[2massets/[22m[36mhandlebars-dNtbkxq5.js                    [39m[1m[2m    7.06 kB[22m[1m[22m[2m │ gzip:     1.77 kB[22m
[2mdist/[22m[2massets/[22m[36msystemverilog-hAZsO5If.js                 [39m[1m[2m    7.23 kB[22m[1m[22m[2m │ gzip:     2.91 kB[22m
[2mdist/[22m[2massets/[22m[36mst-CQxf7DC8.js                            [39m[1m[2m    7.33 kB[22m[1m[22m[2m │ gzip:     2.42 kB[22m
[2mdist/[22m[2massets/[22m[36mscala-E5touPPN.js                         [39m[1m[2m    7.49 kB[22m[1m[22m[2m │ gzip:     2.26 kB[22m
[2mdist/[22m[2massets/[22m[36mwgsl-rUE8Y8PX.js                          [39m[1m[2m    7.56 kB[22m[1m[22m[2m │ gzip:     2.88 kB[22m
[2mdist/[22m[2massets/[22m[36mperl-DKIAtjwR.js                          [39m[1m[2m    7.73 kB[22m[1m[22m[2m │ gzip:     3.28 kB[22m
[2mdist/[22m[2massets/[22m[36mpostiats-DpcZC9bc.js                      [39m[1m[2m    7.75 kB[22m[1m[22m[2m │ gzip:     2.58 kB[22m
[2mdist/[22m[2massets/[22m[36mphp-CXE-GE2T.js                           [39m[1m[2m    8.13 kB[22m[1m[22m[2m │ gzip:     2.21 kB[22m
[2mdist/[22m[2massets/[22m[36mclojure-DWGE0lsI.js                       [39m[1m[2m    8.59 kB[22m[1m[22m[2m │ gzip:     3.67 kB[22m
[2mdist/[22m[2massets/[22m[36mruby-DuMJD3lR.js                          [39m[1m[2m    8.60 kB[22m[1m[22m[2m │ gzip:     2.74 kB[22m
[2mdist/[22m[2massets/[22m[36mrazor-D8Hd-iwa.js                         [39m[1m[2m    8.88 kB[22m[1m[22m[2m │ gzip:     2.44 kB[22m
[2mdist/[22m[2massets/[22m[36msql-J9_zBFXK.js                           [39m[1m[2m    9.22 kB[22m[1m[22m[2m │ gzip:     3.94 kB[22m
[2mdist/[22m[2massets/[22m[36mprotobuf-PyigXFre.js                      [39m[1m[2m    9.28 kB[22m[1m[22m[2m │ gzip:     2.22 kB[22m
[2mdist/[22m[2massets/[22m[36mmysql-CuZwFLGU.js                         [39m[1m[2m   10.04 kB[22m[1m[22m[2m │ gzip:     4.17 kB[22m
[2mdist/[22m[2massets/[22m[36mlinear-DO6s8Yx-.js                        [39m[1m[2m   10.07 kB[22m[1m[22m[2m │ gzip:     4.17 kB[22m
[2mdist/[22m[2massets/[22m[36melixir-gViaviN_.js                        [39m[1m[2m   10.50 kB[22m[1m[22m[2m │ gzip:     2.69 kB[22m
[2mdist/[22m[2massets/[22m[36mstateDiagram-DGXRK772-BWL_1mPL.js         [39m[1m[2m   10.70 kB[22m[1m[22m[2m │ gzip:     3.72 kB[22m
[2mdist/[22m[2massets/[22m[36mredshift-BF43XzKT.js                      [39m[1m[2m   10.71 kB[22m[1m[22m[2m │ gzip:     4.42 kB[22m
[2mdist/[22m[2massets/[22m[36mdagre-OKDRZEBW-DHqpuhEk.js                [39m[1m[2m   11.08 kB[22m[1m[22m[2m │ gzip:     4.06 kB[22m
[2mdist/[22m[2massets/[22m[36mabap-DhH1dnrk.js                          [39m[1m[2m   12.07 kB[22m[1m[22m[2m │ gzip:     5.30 kB[22m
[2mdist/[22m[2massets/[22m[36mpgsql-ClKvfIpf.js                         [39m[1m[2m   12.30 kB[22m[1m[22m[2m │ gzip:     4.61 kB[22m
[2mdist/[22m[2massets/[22m[36m_baseUniq-CTdTzsod.js                     [39m[1m[2m   13.85 kB[22m[1m[22m[2m │ gzip:     5.39 kB[22m
[2mdist/[22m[2massets/[22m[36mpowerquery-DT0WsKb6.js                    [39m[1m[2m   15.73 kB[22m[1m[22m[2m │ gzip:     4.91 kB[22m
[2mdist/[22m[2massets/[22m[36mfreemarker2-BqBQxTBx.js                   [39m[1m[2m   16.34 kB[22m[1m[22m[2m │ gzip:     4.31 kB[22m
[2mdist/[22m[2massets/[22m[36msolidity-CCHP-GhF.js                      [39m[1m[2m   16.37 kB[22m[1m[22m[2m │ gzip:     4.53 kB[22m
[2mdist/[22m[2massets/[22m[36mkanban-definition-NDS4AKOZ-COE3_Qu2.js    [39m[1m[2m   20.03 kB[22m[1m[22m[2m │ gzip:     7.01 kB[22m
[2mdist/[22m[2massets/[22m[36msankeyDiagram-QLVOVGJD-FSGPvVdn.js        [39m[1m[2m   21.92 kB[22m[1m[22m[2m │ gzip:     7.89 kB[22m
[2mdist/[22m[2massets/[22m[36mjourneyDiagram-U35MCT3I-BZfW-ZaK.js       [39m[1m[2m   22.54 kB[22m[1m[22m[2m │ gzip:     7.89 kB[22m
[2mdist/[22m[2massets/[22m[36mtsMode-DD2Y4Uy8.js                        [39m[1m[2m   23.20 kB[22m[1m[22m[2m │ gzip:     6.44 kB[22m
[2mdist/[22m[2massets/[22m[36mtimeline-definition-BDJGKUSR-dtIcQMtq.js  [39m[1m[2m   23.36 kB[22m[1m[22m[2m │ gzip:     8.07 kB[22m
[2mdist/[22m[2massets/[22m[36mgitGraphDiagram-7IBYFJ6S-Xpa-soLe.js      [39m[1m[2m   24.38 kB[22m[1m[22m[2m │ gzip:     7.41 kB[22m
[2mdist/[22m[2massets/[22m[36merDiagram-Q7BY3M3F-DTXGS6iL.js            [39m[1m[2m   25.17 kB[22m[1m[22m[2m │ gzip:     8.71 kB[22m
[2mdist/[22m[2massets/[22m[36mdagre-j0wN-BAf.js                         [39m[1m[2m   29.37 kB[22m[1m[22m[2m │ gzip:    10.33 kB[22m
[2mdist/[22m[2massets/[22m[36mrequirementDiagram-KVF5MWMF-eLLC70sE.js   [39m[1m[2m   29.93 kB[22m[1m[22m[2m │ gzip:     9.28 kB[22m
[2mdist/[22m[2massets/[22m[36mcssMode-ClO5pvp5.js                       [39m[1m[2m   31.93 kB[22m[1m[22m[2m │ gzip:     8.26 kB[22m
[2mdist/[22m[2massets/[22m[36mhtmlMode-uHG3jqcJ.js                      [39m[1m[2m   32.46 kB[22m[1m[22m[2m │ gzip:     8.36 kB[22m
[2mdist/[22m[2massets/[22m[36mquadrantDiagram-7GDLP6J5-CGSchtbV.js      [39m[1m[2m   33.63 kB[22m[1m[22m[2m │ gzip:     9.80 kB[22m
[2mdist/[22m[2massets/[22m[36mchunk-AEK57VVT-jI_JMliC.js                [39m[1m[2m   34.44 kB[22m[1m[22m[2m │ gzip:    10.93 kB[22m
[2mdist/[22m[2massets/[22m[36mxychartDiagram-VJFVF3MP-Dx4p_ly2.js       [39m[1m[2m   38.60 kB[22m[1m[22m[2m │ gzip:    10.70 kB[22m
[2mdist/[22m[2massets/[22m[36mjsonMode-CE-KKYMd.js                      [39m[1m[2m   41.29 kB[22m[1m[22m[2m │ gzip:    11.52 kB[22m
[2mdist/[22m[2massets/[22m[36mchunk-A2AXSNBT-FcFcqQFw.js                [39m[1m[2m   45.00 kB[22m[1m[22m[2m │ gzip:    14.50 kB[22m
[2mdist/[22m[2massets/[22m[36mflowDiagram-4HSFHLVR-BetVX1_R.js          [39m[1m[2m   59.96 kB[22m[1m[22m[2m │ gzip:    19.10 kB[22m
[2mdist/[22m[2massets/[22m[36mganttDiagram-APWFNJXF-BswWchmK.js         [39m[1m[2m   62.31 kB[22m[1m[22m[2m │ gzip:    20.49 kB[22m
[2mdist/[22m[2massets/[22m[36mc4Diagram-VJAJSXHY-BxX7UXha.js            [39m[1m[2m   69.73 kB[22m[1m[22m[2m │ gzip:    19.44 kB[22m
[2mdist/[22m[2massets/[22m[36mblockDiagram-JOT3LUYC--h4SH7vd.js         [39m[1m[2m   71.00 kB[22m[1m[22m[2m │ gzip:    19.96 kB[22m
[2mdist/[22m[2massets/[22m[36msequenceDiagram-X6HHIX6F-5m2CQKCG.js      [39m[1m[2m   87.99 kB[22m[1m[22m[2m │ gzip:    24.98 kB[22m
[2mdist/[22m[2massets/[22m[36mmindmap-definition-ALO5MXBD-B5D-82bP.js   [39m[1m[2m  101.47 kB[22m[1m[22m[2m │ gzip:    27.58 kB[22m
[2mdist/[22m[2massets/[22m[36marchitectureDiagram-IEHRJDOE-BcLsETEJ.js  [39m[1m[2m  147.04 kB[22m[1m[22m[2m │ gzip:    40.28 kB[22m
[2mdist/[22m[2massets/[22m[36mkatex-BHGYQsLH.js                         [39m[1m[2m  264.47 kB[22m[1m[22m[2m │ gzip:    77.05 kB[22m
[2mdist/[22m[2massets/[22m[36mchunk-7PKI6E2E-D8JjyPSO.js                [39m[1m[2m  307.06 kB[22m[1m[22m[2m │ gzip:    75.20 kB[22m
[2mdist/[22m[2massets/[22m[36mcytoscape.esm-DpZRyY83.js                 [39m[1m[2m  434.28 kB[22m[1m[22m[2m │ gzip:   136.82 kB[22m
[2mdist/[22m[2massets/[22m[36mindex-C_WSyDLF.js                         [39m[1m[33m4,528.51 kB[39m[22m[2m │ gzip: 1,186.85 kB[22m
[33m
(!) Some chunks are larger than 500 kB after minification. Consider:
- Using dynamic import() to code-split the application
- Use build.rollupOptions.output.manualChunks to improve chunking: https://rollupjs.org/configuration-options/#output-manualchunks
- Adjust chunk size limit for this warning via build.chunkSizeWarningLimit.[39m
[32m✓ built in 1.74s[39m
